0 info it worked if it ends with ok
1 verbose cli [ 'node', '/usr/local/bin/npm', 'publish' ]
2 info using npm@1.4.9
3 info using node@v0.10.28
4 verbose publish [ '.' ]
5 verbose cache add [ '.', null ]
6 verbose cache add name=undefined spec="." args=[".",null]
7 verbose parsed url { protocol: null,
7 verbose parsed url   slashes: null,
7 verbose parsed url   auth: null,
7 verbose parsed url   host: null,
7 verbose parsed url   port: null,
7 verbose parsed url   hostname: null,
7 verbose parsed url   hash: null,
7 verbose parsed url   search: null,
7 verbose parsed url   query: null,
7 verbose parsed url   pathname: '.',
7 verbose parsed url   path: '.',
7 verbose parsed url   href: '.' }
8 silly lockFile 3a52ce78- .
9 verbose lock . /Users/hellgrenj/.npm/3a52ce78-.lock
10 verbose tar pack [ '/var/folders/6m/x4cvgf2x6qvc4fbcwhns1qhw0000gn/T/npm-2039-9KgTOOvH/1419887218651-0.18770016613416374/tmp.tgz',
10 verbose tar pack   '.' ]
11 verbose tarball /var/folders/6m/x4cvgf2x6qvc4fbcwhns1qhw0000gn/T/npm-2039-9KgTOOvH/1419887218651-0.18770016613416374/tmp.tgz
12 verbose folder .
13 info prepublish setCountdown@0.0.2
14 silly lockFile 1f1177db-tar tar://.
15 verbose lock tar://. /Users/hellgrenj/.npm/1f1177db-tar.lock
16 silly lockFile d9d7c4bf-8651-0-18770016613416374-tmp-tgz tar:///var/folders/6m/x4cvgf2x6qvc4fbcwhns1qhw0000gn/T/npm-2039-9KgTOOvH/1419887218651-0.18770016613416374/tmp.tgz
17 verbose lock tar:///var/folders/6m/x4cvgf2x6qvc4fbcwhns1qhw0000gn/T/npm-2039-9KgTOOvH/1419887218651-0.18770016613416374/tmp.tgz /Users/hellgrenj/.npm/d9d7c4bf-8651-0-18770016613416374-tmp-tgz.lock
18 silly lockFile 1f1177db-tar tar://.
19 silly lockFile 1f1177db-tar tar://.
20 silly lockFile d9d7c4bf-8651-0-18770016613416374-tmp-tgz tar:///var/folders/6m/x4cvgf2x6qvc4fbcwhns1qhw0000gn/T/npm-2039-9KgTOOvH/1419887218651-0.18770016613416374/tmp.tgz
21 silly lockFile d9d7c4bf-8651-0-18770016613416374-tmp-tgz tar:///var/folders/6m/x4cvgf2x6qvc4fbcwhns1qhw0000gn/T/npm-2039-9KgTOOvH/1419887218651-0.18770016613416374/tmp.tgz
22 verbose tar unpack /var/folders/6m/x4cvgf2x6qvc4fbcwhns1qhw0000gn/T/npm-2039-9KgTOOvH/1419887218651-0.18770016613416374/tmp.tgz
23 silly lockFile 395a1111-j-npm-setCountdown-0-0-2-package tar:///Users/hellgrenj/.npm/setCountdown/0.0.2/package
24 verbose lock tar:///Users/hellgrenj/.npm/setCountdown/0.0.2/package /Users/hellgrenj/.npm/395a1111-j-npm-setCountdown-0-0-2-package.lock
25 silly lockFile d9d7c4bf-8651-0-18770016613416374-tmp-tgz tar:///var/folders/6m/x4cvgf2x6qvc4fbcwhns1qhw0000gn/T/npm-2039-9KgTOOvH/1419887218651-0.18770016613416374/tmp.tgz
26 verbose lock tar:///var/folders/6m/x4cvgf2x6qvc4fbcwhns1qhw0000gn/T/npm-2039-9KgTOOvH/1419887218651-0.18770016613416374/tmp.tgz /Users/hellgrenj/.npm/d9d7c4bf-8651-0-18770016613416374-tmp-tgz.lock
27 silly gunzTarPerm modes [ '755', '644' ]
28 silly gunzTarPerm extractEntry package.json
29 silly gunzTarPerm extractEntry .npmignore
30 silly gunzTarPerm extractEntry README.md
31 silly gunzTarPerm extractEntry LICENSE
32 silly gunzTarPerm extractEntry index.js
33 silly gunzTarPerm extractEntry test.js
34 silly lockFile 395a1111-j-npm-setCountdown-0-0-2-package tar:///Users/hellgrenj/.npm/setCountdown/0.0.2/package
35 silly lockFile 395a1111-j-npm-setCountdown-0-0-2-package tar:///Users/hellgrenj/.npm/setCountdown/0.0.2/package
36 silly lockFile d9d7c4bf-8651-0-18770016613416374-tmp-tgz tar:///var/folders/6m/x4cvgf2x6qvc4fbcwhns1qhw0000gn/T/npm-2039-9KgTOOvH/1419887218651-0.18770016613416374/tmp.tgz
37 silly lockFile d9d7c4bf-8651-0-18770016613416374-tmp-tgz tar:///var/folders/6m/x4cvgf2x6qvc4fbcwhns1qhw0000gn/T/npm-2039-9KgTOOvH/1419887218651-0.18770016613416374/tmp.tgz
38 silly lockFile 3a52ce78- .
39 silly lockFile 3a52ce78- .
40 silly publish { name: 'setCountdown',
40 silly publish   version: '0.0.2',
40 silly publish   description: 'simple console.log countdown for your node script',
40 silly publish   main: 'index.js',
40 silly publish   scripts: { test: 'echo "Error: no test specified" && exit 1' },
40 silly publish   repository:
40 silly publish    { type: 'git',
40 silly publish      url: 'https://github.com/hellgrenj/setCountdown.git' },
40 silly publish   keywords: [ 'countdown' ],
40 silly publish   author: { name: 'Johan Hellgren' },
40 silly publish   license: 'MIT',
40 silly publish   readmeFilename: 'README.md',
40 silly publish   bugs: { url: 'https://github.com/hellgrenj/setCountdown/issues' },
40 silly publish   homepage: 'https://github.com/hellgrenj/setCountdown',
40 silly publish   readme: 'setCountdown\n=========================\nsimple console.log countdown for your node script\n\n\n`npm install setCountdown --save`\n##Usage\n```\nvar countdownToken = \'///\';\nvar countdownInterval = 500;\n\nvar timer = require(\'setCountdown\');\ntimer.setCountdown(function(){\n  console.log(\'ready to go!\');\n},5000,countdownToken,countdownInterval);\n```\ncountdownInterval is optional and default to 1000 (1 second)\n',
40 silly publish   _id: 'setCountdown@0.0.2',
40 silly publish   _shasum: '8599b53de98efca81957af17479808e0fc8b4fec',
40 silly publish   _from: '.' }
41 verbose url raw setCountdown
42 verbose url resolving [ 'https://registry.npmjs.org/', './setCountdown' ]
43 verbose url resolved https://registry.npmjs.org/setCountdown
44 info trying registry request attempt 1 at 22:06:58
45 http PUT https://registry.npmjs.org/setCountdown
46 http 403 https://registry.npmjs.org/setCountdown
47 verbose headers { date: 'Mon, 29 Dec 2014 21:06:59 GMT',
47 verbose headers   server: 'CouchDB/1.5.0 (Erlang OTP/R16B03)',
47 verbose headers   'content-type': 'application/json',
47 verbose headers   'cache-control': 'max-age=60',
47 verbose headers   'content-length': '76',
47 verbose headers   'accept-ranges': 'bytes',
47 verbose headers   via: '1.1 varnish',
47 verbose headers   'x-served-by': 'cache-fra1224-FRA',
47 verbose headers   'x-cache': 'MISS',
47 verbose headers   'x-cache-hits': '0',
47 verbose headers   'x-timer': 'S1419887218.979073,VS0,VE683',
47 verbose headers   'keep-alive': 'timeout=10, max=50',
47 verbose headers   connection: 'Keep-Alive' }
48 error publish Failed PUT 403
49 error Error: forbidden New packages must have all-lowercase names: setCountdown
49 error     at RegClient.<anonymous> (/usr/local/lib/node_modules/npm/node_modules/npm-registry-client/lib/request.js:273:14)
49 error     at Request._callback (/usr/local/lib/node_modules/npm/node_modules/npm-registry-client/lib/request.js:211:65)
49 error     at Request.self.callback (/usr/local/lib/node_modules/npm/node_modules/request/request.js:123:22)
49 error     at Request.EventEmitter.emit (events.js:98:17)
49 error     at Request.<anonymous> (/usr/local/lib/node_modules/npm/node_modules/request/request.js:893:14)
49 error     at Request.EventEmitter.emit (events.js:117:20)
49 error     at IncomingMessage.<anonymous> (/usr/local/lib/node_modules/npm/node_modules/request/request.js:844:12)
49 error     at IncomingMessage.EventEmitter.emit (events.js:117:20)
49 error     at _stream_readable.js:919:16
49 error     at process._tickCallback (node.js:419:13)
50 error If you need help, you may report this *entire* log,
50 error including the npm and node versions, at:
50 error     <http://github.com/npm/npm/issues>
51 error System Darwin 14.0.0
52 error command "node" "/usr/local/bin/npm" "publish"
53 error cwd /UserRoot/Johan/MyProjects/setCountdown
54 error node -v v0.10.28
55 error npm -v 1.4.9
56 verbose exit [ 1, true ]
